#
# There is insufficient memory for the Java Runtime Environment to continue.
# Native memory allocation (malloc) failed to allocate 1048576 bytes for AllocateHeap
# Possible reasons:
#   The system is out of physical RAM or swap space
#   The process is running with CompressedOops enabled, and the Java Heap may be blocking the growth of the native heap
# Possible solutions:
#   Reduce memory load on the system
#   Increase physical memory or swap space
#   Check if swap backing store is full
#   Decrease Java heap size (-Xmx/-Xms)
#   Decrease number of Java threads
#   Decrease Java thread stack sizes (-Xss)
#   Set larger code cache with -XX:ReservedCodeCacheSize=
#   JVM is running with Unscaled Compressed Oops mode in which the Java heap is
#     placed in the first 4GB address space. The Java Heap base address is the
#     maximum limit for the native heap growth. Please use -XX:HeapBaseMinAddress
#     to set the Java Heap base and to place the Java Heap above 4GB virtual address.
# This output file may be truncated or incomplete.
#
#  Out of Memory Error (allocation.cpp:44), pid=1876, tid=6944
#
# JRE version:  (20.0.1+9) (build )
# Java VM: Java HotSpot(TM) 64-Bit Server VM (20.0.1+9-29, mixed mode, sharing, tiered, compressed oops, compressed class ptrs, g1 gc, windows-amd64)
# No core dump will be written. Minidumps are not enabled by default on client versions of Windows
#

---------------  S U M M A R Y ------------

Command Line: -Dfile.encoding=UTF-8 --module-path=C:\Users\Charish Anne Alon\NetBeansProjects\EmployeeManagementSystem\build\classes Employee.Main

Host: Intel(R) Celeron(R) N4500 @ 1.10GHz, 2 cores, 3G,  Windows 11 , 64 bit Build 22621 (10.0.22621.1928)
Time: Thu Jul 27 21:28:20 2023 Taipei Standard Time elapsed time: 0.020318 seconds (0d 0h 0m 0s)

---------------  T H R E A D  ---------------

Current thread (0x00000208d831d190):  JavaThread "Unknown thread" [_thread_in_vm, id=6944, stack(0x000000ec15a00000,0x000000ec15b00000)]

Stack: [0x000000ec15a00000,0x000000ec15b00000]
Native frames: (J=compiled Java code, j=interpreted, Vv=VM code, C=native code)
V  [jvm.dll+0x6bb95a]
V  [jvm.dll+0x8485fa]
V  [jvm.dll+0x84a1f5]
V  [jvm.dll+0x84a8f3]
V  [jvm.dll+0x280b0f]
V  [jvm.dll+0xbcec5]
V  [jvm.dll+0x329165]
V  [jvm.dll+0x81128a]
V  [jvm.dll+0x3c0d91]
V  [jvm.dll+0x7fcfe3]
V  [jvm.dll+0x44c76f]
V  [jvm.dll+0x44e0e1]
C  [jli.dll+0x5287]
C  [ucrtbase.dll+0x29363]
C  [KERNEL32.DLL+0x126ad]
C  [ntdll.dll+0x5aa68]


---------------  P R O C E S S  ---------------

Threads class SMR info:
_java_thread_list=0x00007ffc319fa098, length=0, elements={
}

Java Threads: ( => current thread )

Other Threads:

=>0x00000208d831d190 (exited) JavaThread "Unknown thread" [_thread_in_vm, id=6944, stack(0x000000ec15a00000,0x000000ec15b00000)]

Threads with active compile tasks:

VM state: not at safepoint (not fully initialized)

VM Mutex/Monitor currently owned by a thread: None

Heap address: 0x0000000000000000, size: 0 MB, Compressed Oops mode: 32-bit

CDS archive(s) mapped at: [0x0000000000000000-0x0000000000000000-0x0000000000000000), size 0, SharedBaseAddress: 0x0000000800000000, ArchiveRelocationMode: 0.
Narrow klass base: 0x0000000000000000, Narrow klass shift: 0, Narrow klass range: 0x0

GC Precious Log:
 CardTable entry size: 512
 Card Set container configuration: InlinePtr #cards 5 size 8 Array Of Cards #cards 12 size 40 Howl #buckets 4 coarsen threshold 1843 Howl Bitmap #cards 512 size 80 coarsen threshold 460 Card regions per heap region 1 cards per card region 2048

GC Heap History (0 events):
No events

Dll operation events (1 events):
Event: 0.012 Loaded shared library C:\Program Files\Java\jdk-20\bin\java.dll

Deoptimization events (0 events):
No events

Classes loaded (0 events):
No events

Classes unloaded (0 events):
No events

Classes redefined (0 events):
No events

Internal exceptions (0 events):
No events

VM Operations (0 events):
No events

Events (0 events):
No events


Dynamic libraries:
0x00007ff60e430000 - 0x00007ff60e440000 	C:\Program Files\Java\jdk-20\bin\java.exe
0x00007ffc923b0000 - 0x00007ffc925c4000 	C:\WINDOWS\SYSTEM32\ntdll.dll
0x00007ffc3a990000 - 0x00007ffc3a9a9000 	C:\Program Files\Avast Software\Avast\aswhook.dll
0x00007ffc91120000 - 0x00007ffc911e2000 	C:\WINDOWS\System32\KERNEL32.DLL
0x00007ffc8f9f0000 - 0x00007ffc8fd93000 	C:\WINDOWS\System32\KERNELBASE.dll
0x00007ffc8fda0000 - 0x00007ffc8feb1000 	C:\WINDOWS\System32\ucrtbase.dll
0x00007ffc710f0000 - 0x00007ffc71109000 	C:\Program Files\Java\jdk-20\bin\jli.dll
0x00007ffc90190000 - 0x00007ffc9023e000 	C:\WINDOWS\System32\ADVAPI32.dll
0x00007ffc91ae0000 - 0x00007ffc91b87000 	C:\WINDOWS\System32\msvcrt.dll
0x00007ffc911f0000 - 0x00007ffc91294000 	C:\WINDOWS\System32\sechost.dll
0x00007ffc90fe0000 - 0x00007ffc910f7000 	C:\WINDOWS\System32\RPCRT4.dll
0x00007ffc91c20000 - 0x00007ffc91dca000 	C:\WINDOWS\System32\USER32.dll
0x00007ffc90160000 - 0x00007ffc90186000 	C:\WINDOWS\System32\win32u.dll
0x00007ffc91480000 - 0x00007ffc914a9000 	C:\WINDOWS\System32\GDI32.dll
0x00007ffc78aa0000 - 0x00007ffc78abb000 	C:\Program Files\Java\jdk-20\bin\VCRUNTIME140.dll
0x00007ffc8f8d0000 - 0x00007ffc8f9e9000 	C:\WINDOWS\System32\gdi32full.dll
0x00007ffc8f830000 - 0x00007ffc8f8ca000 	C:\WINDOWS\System32\msvcp_win.dll
0x00007ffc78b80000 - 0x00007ffc78e0e000 	C:\WINDOWS\WinSxS\amd64_microsoft.windows.common-controls_6595b64144ccf1df_6.0.22621.1635_none_270f70857386168e\COMCTL32.dll
0x00007ffc823d0000 - 0x00007ffc823da000 	C:\WINDOWS\SYSTEM32\VERSION.dll
0x00007ffc92250000 - 0x00007ffc92281000 	C:\WINDOWS\System32\IMM32.DLL
0x00007ffc88550000 - 0x00007ffc8855c000 	C:\Program Files\Java\jdk-20\bin\vcruntime140_1.dll
0x00007ffc4af90000 - 0x00007ffc4b01e000 	C:\Program Files\Java\jdk-20\bin\msvcp140.dll
0x00007ffc30ea0000 - 0x00007ffc31b37000 	C:\Program Files\Java\jdk-20\bin\server\jvm.dll
0x00007ffc87880000 - 0x00007ffc878b4000 	C:\WINDOWS\SYSTEM32\WINMM.dll
0x00007ffc774a0000 - 0x00007ffc774a9000 	C:\WINDOWS\SYSTEM32\WSOCK32.dll
0x00007ffc91ba0000 - 0x00007ffc91c11000 	C:\WINDOWS\System32\WS2_32.dll
0x00007ffc8e7f0000 - 0x00007ffc8e808000 	C:\WINDOWS\SYSTEM32\kernel.appcore.dll
0x00007ffc7f8a0000 - 0x00007ffc7f8aa000 	C:\Program Files\Java\jdk-20\bin\jimage.dll
0x00007ffc8d2b0000 - 0x00007ffc8d4de000 	C:\WINDOWS\SYSTEM32\DBGHELP.DLL
0x00007ffc90240000 - 0x00007ffc905c9000 	C:\WINDOWS\System32\combase.dll
0x00007ffc91700000 - 0x00007ffc917d7000 	C:\WINDOWS\System32\OLEAUT32.dll
0x00007ffc82330000 - 0x00007ffc82362000 	C:\WINDOWS\SYSTEM32\dbgcore.DLL
0x00007ffc8f7b0000 - 0x00007ffc8f82a000 	C:\WINDOWS\System32\bcryptPrimitives.dll
0x00007ffc729b0000 - 0x00007ffc729d6000 	C:\Program Files\Java\jdk-20\bin\java.dll

dbghelp: loaded successfully - version: 4.0.5 - missing functions: none
symbol engine: initialized successfully - sym options: 0x614 - pdb path: .;C:\Program Files\Java\jdk-20\bin;C:\WINDOWS\SYSTEM32;C:\Program Files\Avast Software\Avast;C:\WINDOWS\WinSxS\amd64_microsoft.windows.common-controls_6595b64144ccf1df_6.0.22621.1635_none_270f70857386168e;C:\Program Files\Java\jdk-20\bin\server

VM Arguments:
jvm_args: -Dfile.encoding=UTF-8 --module-path=C:\Users\Charish Anne Alon\NetBeansProjects\EmployeeManagementSystem\build\classes 
java_command: Employee.Main
java_class_path (initial): C:\Users\Charish Anne Alon\Downloads\mysql-connector-j-8.1.0.jar;C:\Users\Charish Anne Alon\NetBeansProjects\EmployeeManagementSystem\build\classes
Launcher Type: SUN_STANDARD

[Global flags]
     intx CICompilerCount                          = 2                                         {product} {ergonomic}
     uint ConcGCThreads                            = 1                                         {product} {ergonomic}
     uint G1ConcRefinementThreads                  = 2                                         {product} {ergonomic}
   size_t G1HeapRegionSize                         = 1048576                                   {product} {ergonomic}
    uintx GCDrainStackTargetSize                   = 64                                        {product} {ergonomic}
   size_t InitialHeapSize                          = 65011712                                  {product} {ergonomic}
   size_t MarkStackSize                            = 4194304                                   {product} {ergonomic}
   size_t MaxHeapSize                              = 1031798784                                {product} {ergonomic}
   size_t MinHeapDeltaBytes                        = 1048576                                   {product} {ergonomic}
   size_t MinHeapSize                              = 8388608                                   {product} {ergonomic}
    uintx NonNMethodCodeHeapSize                   = 5826188                                {pd product} {ergonomic}
    uintx NonProfiledCodeHeapSize                  = 122916026                              {pd product} {ergonomic}
    uintx ProfiledCodeHeapSize                     = 122916026                              {pd product} {ergonomic}
    uintx ReservedCodeCacheSize                    = 251658240                              {pd product} {ergonomic}
     bool SegmentedCodeCache                       = true                                      {product} {ergonomic}
   size_t SoftMaxHeapSize                          = 1031798784                             {manageable} {ergonomic}
     bool UseCompressedClassPointers               = true                           {product lp64_product} {ergonomic}
     bool UseCompressedOops                        = true                           {product lp64_product} {ergonomic}
     bool UseG1GC                                  = true                                      {product} {ergonomic}
     bool UseLargePagesIndividualAllocation        = false                                  {pd product} {ergonomic}

Logging:
Log output configuration:
 #0: stdout all=warning uptime,level,tags foldmultilines=false
 #1: stderr all=off uptime,level,tags foldmultilines=false

Environment Variables:
PATH=C:\Program Files\Common Files\Oracle\Java\javapath;C:\Program Files (x86)\Common Files\Oracle\Java\javapath;C:\WINDOWS\system32;C:\WINDOWS;C:\WINDOWS\System32\Wbem;C:\WINDOWS\System32\WindowsPowerShell\v1.0\;C:\WINDOWS\System32\OpenSSH\;C:\Program Files\nodejs\;C:\ProgramData\chocolatey\bin;C:\Program Files\Git\cmd;C:\Program Files (x86)\MySQL\MySQL Installer for Windows;C:\Users\Charish Anne Alon\AppData\Local\Microsoft\WindowsApps;;C:\Users\Charish Anne Alon\AppData\Roaming\npm;C:\Users\Charish Anne Alon\AppData\Local\Programs\Microsoft VS Code\bin
USERNAME=Charish Anne Alon
OS=Windows_NT
PROCESSOR_IDENTIFIER=Intel64 Family 6 Model 156 Stepping 0, GenuineIntel
TMP=C:\Users\CHARIS~1\AppData\Local\Temp
TEMP=C:\Users\CHARIS~1\AppData\Local\Temp




---------------  S Y S T E M  ---------------

OS:
 Windows 11 , 64 bit Build 22621 (10.0.22621.1928)
OS uptime: 10 days 7:02 hours

CPU: total 2 (initial active 2) (2 cores per cpu, 1 threads per core) family 6 model 156 stepping 0 microcode 0x1d, cx8, cmov, fxsr, mmx, 3dnowpref, sse, sse2, sse3, ssse3, sse4.1, sse4.2, popcnt, tsc, tscinvbit, aes, erms, clmul, sha, clflush, clflushopt, clwb, rdtscp, rdpid

Memory: 4k page, system-wide physical 3933M (355M free)
TotalPageFile size 16221M (AvailPageFile size 5M)
current process WorkingSet (physical memory assigned to process): 10M, peak: 10M
current process commit charge ("private bytes"): 11M, peak: 12M

vm_info: Java HotSpot(TM) 64-Bit Server VM (20.0.1+9-29) for windows-amd64 JRE (20.0.1+9-29), built on 2023-03-07T13:56:11Z by "mach5one" with MS VC++ 17.1 (VS2022)

END.
